info:  Game: Cosmoteer.exe
info:  DXVK: v1.2.1
warn:  OpenVR: Failed to locate module
info:  Enabled instance extensions:
info:    VK_KHR_get_physical_device_properties2
info:    VK_KHR_surface
info:    VK_KHR_win32_surface
info:  Intel(R) Ivybridge Mobile:
info:    Driver: 19.1.7
info:    Vulkan: 1.1.102
info:    Memory Heap[0]: 
info:      Size: 1536 MiB
info:      Flags: 0x1
info:      Memory Type[0]: Property Flags = 0xf
info:  Game: Cosmoteer.exe
info:  DXVK: v1.2.1
warn:  OpenVR: Failed to locate module
info:  Enabled instance extensions:
info:    VK_KHR_get_physical_device_properties2
info:    VK_KHR_surface
info:    VK_KHR_win32_surface
info:  Intel(R) Ivybridge Mobile:
info:    Driver: 19.1.7
info:    Vulkan: 1.1.102
info:    Memory Heap[0]: 
info:      Size: 1536 MiB
info:      Flags: 0x1
info:      Memory Type[0]: Property Flags = 0xf
